[0.539s] DEBUG:colcon:Command line arguments: ['/usr/bin/colcon', 'build']
[0.539s] DEBUG:colcon:Parsed command line arguments: Namespace(log_base=None, log_level=None, verb_name='build', build_base='build', install_base='install', merge_install=False, symlink_install=False, test_result_base=None, continue_on_error=False, executor='parallel', parallel_workers=4, event_handlers=None, ignore_user_meta=False, metas=['./colcon.meta'], base_paths=['.'], packages_ignore=None, packages_ignore_regex=None, paths=None, packages_up_to=None, packages_up_to_regex=None, packages_above=None, packages_above_and_dependencies=None, packages_above_depth=None, packages_select_by_dep=None, packages_skip_by_dep=None, packages_skip_up_to=None, packages_select_build_failed=False, packages_skip_build_finished=False, packages_select_test_failures=False, packages_skip_test_passed=False, packages_select=None, packages_skip=None, packages_select_regex=None, packages_skip_regex=None, packages_start=None, packages_end=None, allow_overriding=[], cmake_args=None, cmake_target=None, cmake_target_skip_unavailable=False, cmake_clean_cache=False, cmake_clean_first=False, cmake_force_configure=False, ament_cmake_args=None, catkin_cmake_args=None, catkin_skip_building_tests=False, verb_parser=<colcon_defaults.argument_parser.defaults.DefaultArgumentsDecorator object at 0x7f3452f10df0>, verb_extension=<colcon_core.verb.build.BuildVerb object at 0x7f3453842140>, main=<bound method BuildVerb.main of <colcon_core.verb.build.BuildVerb object at 0x7f3453842140>>)
[0.569s] Level 1:colcon.colcon_core.package_discovery:discover_packages(colcon_meta) check parameters
[0.569s] Level 1:colcon.colcon_core.package_discovery:discover_packages(recursive) check parameters
[0.569s] Level 1:colcon.colcon_core.package_discovery:discover_packages(ignore) check parameters
[0.569s] Level 1:colcon.colcon_core.package_discovery:discover_packages(path) check parameters
[0.569s] Level 1:colcon.colcon_core.package_discovery:discover_packages(colcon_meta) discover
[0.569s] Level 1:colcon.colcon_core.package_discovery:discover_packages(recursive) discover
[0.569s] INFO:colcon.colcon_core.package_discovery:Crawling recursively for packages in '/home/yamaki/ros2_/src/mypkg'
[0.569s] Level 1:colcon.colcon_core.package_identification:_identify(.) by extensions ['ignore', 'ignore_ament_install']
[0.569s] Level 1:colcon.colcon_core.package_identification:_identify(.) by extension 'ignore'
[0.569s] Level 1:colcon.colcon_core.package_identification:_identify(.) by extension 'ignore_ament_install'
[0.570s] Level 1:colcon.colcon_core.package_identification:_identify(.) by extensions ['colcon_pkg']
[0.570s] Level 1:colcon.colcon_core.package_identification:_identify(.) by extension 'colcon_pkg'
[0.570s] Level 1:colcon.colcon_core.package_identification:_identify(.) by extensions ['colcon_meta']
[0.570s] Level 1:colcon.colcon_core.package_identification:_identify(.) by extension 'colcon_meta'
[0.570s] Level 1:colcon.colcon_core.package_identification:_identify(.) by extensions ['ros']
[0.570s] Level 1:colcon.colcon_core.package_identification:_identify(.) by extension 'ros'
[0.601s] DEBUG:colcon.colcon_core.package_identification:Package '.' with type 'ros.ament_python' and name 'mypkg'
[0.601s] Level 1:colcon.colcon_core.package_discovery:discover_packages(recursive) using defaults
[0.602s] Level 1:colcon.colcon_core.package_discovery:discover_packages(ignore) discover
[0.602s] Level 1:colcon.colcon_core.package_discovery:discover_packages(ignore) using defaults
[0.602s] Level 1:colcon.colcon_core.package_discovery:discover_packages(path) discover
[0.602s] Level 1:colcon.colcon_core.package_discovery:discover_packages(path) using defaults
[0.634s] Level 1:colcon.colcon_core.package_discovery:discover_packages(prefix_path) check parameters
[0.634s] Level 1:colcon.colcon_core.package_discovery:discover_packages(prefix_path) discover
[0.638s] DEBUG:colcon.colcon_installed_package_information.package_discovery:Found 2 installed packages in /home/yamaki/ros2_/install
[0.639s] DEBUG:colcon.colcon_installed_package_information.package_discovery:Found 2 installed packages in /home/yamaki/ros2/install
[0.640s] DEBUG:colcon.colcon_installed_package_information.package_discovery:Found 2 installed packages in /home/yamaki/ros2_ws/install
[0.642s] DEBUG:colcon.colcon_installed_package_information.package_discovery:Found 270 installed packages in /opt/ros/humble
[0.644s] Level 1:colcon.colcon_core.package_discovery:discover_packages(prefix_path) using defaults
[0.729s] Level 5:colcon.colcon_core.verb:set package 'mypkg' build argument 'cmake_args' from command line to 'None'
[0.730s] Level 5:colcon.colcon_core.verb:set package 'mypkg' build argument 'cmake_target' from command line to 'None'
[0.730s] Level 5:colcon.colcon_core.verb:set package 'mypkg' build argument 'cmake_target_skip_unavailable' from command line to 'False'
[0.730s] Level 5:colcon.colcon_core.verb:set package 'mypkg' build argument 'cmake_clean_cache' from command line to 'False'
[0.730s] Level 5:colcon.colcon_core.verb:set package 'mypkg' build argument 'cmake_clean_first' from command line to 'False'
[0.730s] Level 5:colcon.colcon_core.verb:set package 'mypkg' build argument 'cmake_force_configure' from command line to 'False'
[0.730s] Level 5:colcon.colcon_core.verb:set package 'mypkg' build argument 'ament_cmake_args' from command line to 'None'
[0.730s] Level 5:colcon.colcon_core.verb:set package 'mypkg' build argument 'catkin_cmake_args' from command line to 'None'
[0.730s] Level 5:colcon.colcon_core.verb:set package 'mypkg' build argument 'catkin_skip_building_tests' from command line to 'False'
[0.730s] DEBUG:colcon.colcon_core.verb:Building package 'mypkg' with the following arguments: {'ament_cmake_args': None, 'build_base': '/home/yamaki/ros2_/src/mypkg/build/mypkg', 'catkin_cmake_args': None, 'catkin_skip_building_tests': False, 'cmake_args': None, 'cmake_clean_cache': False, 'cmake_clean_first': False, 'cmake_force_configure': False, 'cmake_target': None, 'cmake_target_skip_unavailable': False, 'install_base': '/home/yamaki/ros2_/src/mypkg/install/mypkg', 'merge_install': False, 'path': '/home/yamaki/ros2_/src/mypkg', 'symlink_install': False, 'test_result_base': None}
[0.730s] INFO:colcon.colcon_core.executor:Executing jobs using 'parallel' executor
[0.742s] DEBUG:colcon.colcon_parallel_executor.executor.parallel:run_until_complete
[0.743s] INFO:colcon.colcon_ros.task.ament_python.build:Building ROS package in '/home/yamaki/ros2_/src/mypkg' with build type 'ament_python'
[0.743s] Level 1:colcon.colcon_core.shell:create_environment_hook('mypkg', 'ament_prefix_path')
[0.749s] INFO:colcon.colcon_core.plugin_system:Skipping extension 'colcon_core.shell.bat': Not used on non-Windows systems
[0.749s] INFO:colcon.colcon_core.shell:Creating environment hook '/home/yamaki/ros2_/src/mypkg/install/mypkg/share/mypkg/hook/ament_prefix_path.ps1'
[0.750s] INFO:colcon.colcon_core.shell:Creating environment descriptor '/home/yamaki/ros2_/src/mypkg/install/mypkg/share/mypkg/hook/ament_prefix_path.dsv'
[0.750s] INFO:colcon.colcon_core.shell:Creating environment hook '/home/yamaki/ros2_/src/mypkg/install/mypkg/share/mypkg/hook/ament_prefix_path.sh'
[0.752s] INFO:colcon.colcon_core.shell:Skip shell extension 'powershell' for command environment: Not usable outside of PowerShell
[0.752s] DEBUG:colcon.colcon_core.shell:Skip shell extension 'dsv' for command environment
[1.073s] INFO:colcon.colcon_core.task.python.build:Building Python package in '/home/yamaki/ros2_/src/mypkg'
[1.074s] INFO:colcon.colcon_core.shell:Skip shell extension 'powershell' for command environment: Not usable outside of PowerShell
[1.074s] DEBUG:colcon.colcon_core.shell:Skip shell extension 'dsv' for command environment
[1.507s] DEBUG:colcon.colcon_core.event_handler.log_command:Invoking command in '/home/yamaki/ros2_/src/mypkg': PYTHONPATH=/home/yamaki/ros2_/src/mypkg/install/mypkg/lib/python3.10/site-packages:${PYTHONPATH} /usr/bin/python3 setup.py egg_info --egg-base build/mypkg build --build-base /home/yamaki/ros2_/src/mypkg/build/mypkg/build install --prefix /home/yamaki/ros2_/src/mypkg/install/mypkg --record /home/yamaki/ros2_/src/mypkg/build/mypkg/install.log --single-version-externally-managed
[2.112s] DEBUG:colcon.colcon_core.event_handler.log_command:Invoked command in '/home/yamaki/ros2_/src/mypkg' returned '0': PYTHONPATH=/home/yamaki/ros2_/src/mypkg/install/mypkg/lib/python3.10/site-packages:${PYTHONPATH} /usr/bin/python3 setup.py egg_info --egg-base build/mypkg build --build-base /home/yamaki/ros2_/src/mypkg/build/mypkg/build install --prefix /home/yamaki/ros2_/src/mypkg/install/mypkg --record /home/yamaki/ros2_/src/mypkg/build/mypkg/install.log --single-version-externally-managed
[2.135s] Level 1:colcon.colcon_core.environment:checking '/home/yamaki/ros2_/src/mypkg/install/mypkg' for CMake module files
[2.137s] Level 1:colcon.colcon_core.environment:checking '/home/yamaki/ros2_/src/mypkg/install/mypkg' for CMake config files
[2.138s] Level 1:colcon.colcon_core.environment:checking '/home/yamaki/ros2_/src/mypkg/install/mypkg/lib'
[2.139s] Level 1:colcon.colcon_core.environment:checking '/home/yamaki/ros2_/src/mypkg/install/mypkg/bin'
[2.140s] Level 1:colcon.colcon_core.environment:checking '/home/yamaki/ros2_/src/mypkg/install/mypkg/lib/pkgconfig/mypkg.pc'
[2.141s] Level 1:colcon.colcon_core.environment:checking '/home/yamaki/ros2_/src/mypkg/install/mypkg/lib/python3.10/site-packages'
[2.141s] Level 1:colcon.colcon_core.shell:create_environment_hook('mypkg', 'pythonpath')
[2.150s] INFO:colcon.colcon_core.shell:Creating environment hook '/home/yamaki/ros2_/src/mypkg/install/mypkg/share/mypkg/hook/pythonpath.ps1'
[2.152s] INFO:colcon.colcon_core.shell:Creating environment descriptor '/home/yamaki/ros2_/src/mypkg/install/mypkg/share/mypkg/hook/pythonpath.dsv'
[2.153s] INFO:colcon.colcon_core.shell:Creating environment hook '/home/yamaki/ros2_/src/mypkg/install/mypkg/share/mypkg/hook/pythonpath.sh'
[2.155s] Level 1:colcon.colcon_core.environment:checking '/home/yamaki/ros2_/src/mypkg/install/mypkg/bin'
[2.155s] Level 1:colcon.colcon_core.environment:create_environment_scripts_only(mypkg)
[2.160s] INFO:colcon.colcon_core.shell:Creating package script '/home/yamaki/ros2_/src/mypkg/install/mypkg/share/mypkg/package.ps1'
[2.163s] INFO:colcon.colcon_core.shell:Creating package descriptor '/home/yamaki/ros2_/src/mypkg/install/mypkg/share/mypkg/package.dsv'
[2.167s] INFO:colcon.colcon_core.shell:Creating package script '/home/yamaki/ros2_/src/mypkg/install/mypkg/share/mypkg/package.sh'
[2.168s] INFO:colcon.colcon_core.shell:Creating package script '/home/yamaki/ros2_/src/mypkg/install/mypkg/share/mypkg/package.bash'
[2.170s] INFO:colcon.colcon_core.shell:Creating package script '/home/yamaki/ros2_/src/mypkg/install/mypkg/share/mypkg/package.zsh'
[2.172s] Level 1:colcon.colcon_core.environment:create_file_with_runtime_dependencies(/home/yamaki/ros2_/src/mypkg/install/mypkg/share/colcon-core/packages/mypkg)
[2.173s] DEBUG:colcon.colcon_parallel_executor.executor.parallel:closing loop
[2.174s] DEBUG:colcon.colcon_parallel_executor.executor.parallel:loop closed
[2.175s] DEBUG:colcon.colcon_parallel_executor.executor.parallel:run_until_complete finished with '0'
[2.175s] DEBUG:colcon.colcon_core.event_reactor:joining thread
[2.263s] INFO:colcon.colcon_core.plugin_system:Skipping extension 'colcon_notification.desktop_notification.notify_send': Could not find 'notify-send'
[2.263s] INFO:colcon.colcon_core.plugin_system:Skipping extension 'colcon_notification.desktop_notification.terminal_notifier': Not used on non-Darwin systems
[2.263s] INFO:colcon.colcon_core.plugin_system:Skipping extension 'colcon_notification.desktop_notification.win32': Not used on non-Windows systems
[2.264s] INFO:colcon.colcon_notification.desktop_notification:Sending desktop notification using 'notify2'
[2.264s] DEBUG:colcon.colcon_notification.desktop_notification.notify2:Failed to initialize notify2: org.freedesktop.DBus.Error.NotSupported: Unable to autolaunch a dbus-daemon without a $DISPLAY for X11
[2.264s] DEBUG:colcon.colcon_core.event_reactor:joined thread
[2.267s] INFO:colcon.colcon_core.shell:Creating prefix script '/home/yamaki/ros2_/src/mypkg/install/local_setup.ps1'
[2.268s] INFO:colcon.colcon_core.shell:Creating prefix util module '/home/yamaki/ros2_/src/mypkg/install/_local_setup_util_ps1.py'
[2.270s] INFO:colcon.colcon_core.shell:Creating prefix chain script '/home/yamaki/ros2_/src/mypkg/install/setup.ps1'
[2.273s] INFO:colcon.colcon_core.shell:Creating prefix script '/home/yamaki/ros2_/src/mypkg/install/local_setup.sh'
[2.274s] INFO:colcon.colcon_core.shell:Creating prefix util module '/home/yamaki/ros2_/src/mypkg/install/_local_setup_util_sh.py'
[2.277s] INFO:colcon.colcon_core.shell:Creating prefix chain script '/home/yamaki/ros2_/src/mypkg/install/setup.sh'
[2.282s] INFO:colcon.colcon_core.shell:Creating prefix script '/home/yamaki/ros2_/src/mypkg/install/local_setup.bash'
[2.283s] INFO:colcon.colcon_core.shell:Creating prefix chain script '/home/yamaki/ros2_/src/mypkg/install/setup.bash'
[2.287s] INFO:colcon.colcon_core.shell:Creating prefix script '/home/yamaki/ros2_/src/mypkg/install/local_setup.zsh'
[2.288s] INFO:colcon.colcon_core.shell:Creating prefix chain script '/home/yamaki/ros2_/src/mypkg/install/setup.zsh'
